2019-10-01 19:02:39,229 INFO o.a.j.u.JMeterUtils: Setting Locale to en_US
2019-10-01 19:02:39,247 INFO o.a.j.JMeter: Loading user properties from: user.properties
2019-10-01 19:02:39,247 INFO o.a.j.JMeter: Loading system properties from: system.properties
2019-10-01 19:02:39,251 INFO o.a.j.JMeter: Copyright (c) 1998-2018 The Apache Software Foundation
2019-10-01 19:02:39,251 INFO o.a.j.JMeter: Version 4.0 r1823414
2019-10-01 19:02:39,251 INFO o.a.j.JMeter: java.version=1.8.0_181
2019-10-01 19:02:39,251 INFO o.a.j.JMeter: java.vm.name=Java HotSpot(TM) 64-Bit Server VM
2019-10-01 19:02:39,251 INFO o.a.j.JMeter: os.name=Mac OS X
2019-10-01 19:02:39,251 INFO o.a.j.JMeter: os.arch=x86_64
2019-10-01 19:02:39,251 INFO o.a.j.JMeter: os.version=10.14.6
2019-10-01 19:02:39,252 INFO o.a.j.JMeter: file.encoding=UTF-8
2019-10-01 19:02:39,252 INFO o.a.j.JMeter: Max memory     =514850816
2019-10-01 19:02:39,252 INFO o.a.j.JMeter: Available Processors =12
2019-10-01 19:02:39,255 INFO o.a.j.JMeter: Default Locale=English (United States)
2019-10-01 19:02:39,255 INFO o.a.j.JMeter: JMeter  Locale=English (United States)
2019-10-01 19:02:39,255 INFO o.a.j.JMeter: JMeterHome=/Users/jahidul/IdeaProjects/APITestingByJmeterMavenProject_B1902/target/jmeter
2019-10-01 19:02:39,255 INFO o.a.j.JMeter: user.dir  =/Users/jahidul/IdeaProjects/APITestingByJmeterMavenProject_B1902/target/jmeter/bin
2019-10-01 19:02:39,255 INFO o.a.j.JMeter: PWD       =/Users/jahidul/IdeaProjects/APITestingByJmeterMavenProject_B1902/target/jmeter/bin
2019-10-01 19:02:39,305 INFO o.a.j.JMeter: IP: 172.29.2.29 Name: Mds-MacBook-Pro-2.local FullName: 172.29.2.29
2019-10-01 19:02:39,307 INFO o.a.j.JMeter: Setting property 'jmeter.reportgenerator.outputdir' to:'/Users/jahidul/IdeaProjects/APITestingByJmeterMavenProject_B1902/target/jmeter/reports/Jira_20191001_190238'
2019-10-01 19:02:39,309 INFO o.a.j.s.FileServer: Default base='/Users/jahidul/IdeaProjects/APITestingByJmeterMavenProject_B1902/target/jmeter/bin'
2019-10-01 19:02:39,313 INFO o.a.j.s.FileServer: Set new base='/Users/jahidul/IdeaProjects/APITestingByJmeterMavenProject_B1902/target/jmeter/testFiles'
2019-10-01 19:02:39,427 INFO o.a.j.s.SaveService: Testplan (JMX) version: 2.2. Testlog (JTL) version: 2.2
2019-10-01 19:02:39,443 INFO o.a.j.s.SaveService: Using SaveService properties file encoding UTF-8
2019-10-01 19:02:39,447 INFO o.a.j.s.SaveService: Using SaveService properties version 4.0
2019-10-01 19:02:39,452 INFO o.a.j.s.SaveService: Loading file: /Users/jahidul/IdeaProjects/APITestingByJmeterMavenProject_B1902/target/jmeter/testFiles/Jira.jmx
2019-10-01 19:02:39,520 INFO o.a.j.p.h.c.CacheManager: Will only cache the following methods: [GET]
2019-10-01 19:02:39,526 INFO o.a.j.p.h.s.HTTPSamplerBase: Parser for text/html is org.apache.jmeter.protocol.http.parser.LagartoBasedHtmlParser
2019-10-01 19:02:39,527 INFO o.a.j.p.h.s.HTTPSamplerBase: Parser for application/xhtml+xml is org.apache.jmeter.protocol.http.parser.LagartoBasedHtmlParser
2019-10-01 19:02:39,527 INFO o.a.j.p.h.s.HTTPSamplerBase: Parser for application/xml is org.apache.jmeter.protocol.http.parser.LagartoBasedHtmlParser
2019-10-01 19:02:39,527 INFO o.a.j.p.h.s.HTTPSamplerBase: Parser for text/xml is org.apache.jmeter.protocol.http.parser.LagartoBasedHtmlParser
2019-10-01 19:02:39,527 INFO o.a.j.p.h.s.HTTPSamplerBase: Parser for text/vnd.wap.wml is org.apache.jmeter.protocol.http.parser.RegexpHTMLParser
2019-10-01 19:02:39,527 INFO o.a.j.p.h.s.HTTPSamplerBase: Parser for text/css is org.apache.jmeter.protocol.http.parser.CssParser
2019-10-01 19:02:39,551 INFO o.a.j.JMeter: Creating summariser <summary>
2019-10-01 19:02:39,555 INFO o.a.j.r.d.ReportGenerator: ReportGenerator will use for Parsing the separator: ','
2019-10-01 19:02:39,555 INFO o.a.j.r.d.ReportGenerator: Will generate report at end of test from  results file: /Users/jahidul/IdeaProjects/APITestingByJmeterMavenProject_B1902/target/jmeter/results/Jira-20191001.csv
2019-10-01 19:02:39,555 INFO o.a.j.r.d.ReportGenerator: Reading report generator properties from: /Users/jahidul/IdeaProjects/APITestingByJmeterMavenProject_B1902/target/jmeter/bin/reportgenerator.properties
2019-10-01 19:02:39,556 INFO o.a.j.r.d.ReportGenerator: Merging with JMeter properties
2019-10-01 19:02:39,560 INFO o.a.j.r.c.ReportGeneratorConfiguration: Property 'jmeter.reportgenerator.temp_dir' not found, using default value 'temp' instead.
2019-10-01 19:02:39,562 INFO o.a.j.r.c.ReportGeneratorConfiguration: Property 'jmeter.reportgenerator.apdex_per_transaction' not found, using default value 'null' instead.
2019-10-01 19:02:39,563 INFO o.a.j.r.c.ReportGeneratorConfiguration: apdex_per_transaction : {} is empty, not APDEX per transaction customization
2019-10-01 19:02:39,563 INFO o.a.j.r.c.ReportGeneratorConfiguration: Property 'jmeter.reportgenerator.sample_filter' not found, using default value 'null' instead.
2019-10-01 19:02:39,563 INFO o.a.j.r.c.ReportGeneratorConfiguration: Property 'jmeter.reportgenerator.report_title' not found, using default value 'null' instead.
2019-10-01 19:02:39,563 INFO o.a.j.r.c.ReportGeneratorConfiguration: Property 'jmeter.reportgenerator.start_date' not found, using default value 'null' instead.
2019-10-01 19:02:39,563 INFO o.a.j.r.c.ReportGeneratorConfiguration: Property 'jmeter.reportgenerator.end_date' not found, using default value 'null' instead.
2019-10-01 19:02:39,563 INFO o.a.j.r.c.ReportGeneratorConfiguration: Property 'jmeter.reportgenerator.date_format' not found, using default value 'null' instead.
2019-10-01 19:02:39,563 INFO o.a.j.r.c.ReportGeneratorConfiguration: Will use date range start date: null, end date: null
2019-10-01 19:02:39,568 INFO o.a.j.r.c.ReportGeneratorConfiguration: Property 'jmeter.reportgenerator.graph.activeThreadsOverTime.exclude_controllers' not found, using default value 'false' instead.
2019-10-01 19:02:39,568 INFO o.a.j.r.c.ReportGeneratorConfiguration: Property 'jmeter.reportgenerator.graph.timeVsThreads.exclude_controllers' not found, using default value 'false' instead.
2019-10-01 19:02:39,568 INFO o.a.j.r.c.ReportGeneratorConfiguration: Property 'jmeter.reportgenerator.graph.responseTimeDistribution.exclude_controllers' not found, using default value 'false' instead.
2019-10-01 19:02:39,569 INFO o.a.j.r.c.ReportGeneratorConfiguration: Property 'jmeter.reportgenerator.graph.transactionsPerSecond.exclude_controllers' not found, using default value 'false' instead.
2019-10-01 19:02:39,569 INFO o.a.j.r.c.ReportGeneratorConfiguration: Property 'jmeter.reportgenerator.graph.responseTimePercentiles.exclude_controllers' not found, using default value 'false' instead.
2019-10-01 19:02:39,569 INFO o.a.j.r.c.ReportGeneratorConfiguration: Property 'jmeter.reportgenerator.graph.responseTimePercentilesOverTime.exclude_controllers' not found, using default value 'false' instead.
2019-10-01 19:02:39,569 INFO o.a.j.r.c.ReportGeneratorConfiguration: Property 'jmeter.reportgenerator.graph.responseTimesOverTime.exclude_controllers' not found, using default value 'false' instead.
2019-10-01 19:02:39,569 INFO o.a.j.r.c.ReportGeneratorConfiguration: Property 'jmeter.reportgenerator.graph.connectTimeOverTime.exclude_controllers' not found, using default value 'false' instead.
2019-10-01 19:02:39,569 INFO o.a.j.r.c.ReportGeneratorConfiguration: Property 'jmeter.reportgenerator.graph.latenciesOverTime.exclude_controllers' not found, using default value 'false' instead.
2019-10-01 19:02:39,570 INFO o.a.j.r.c.ReportGeneratorConfiguration: Property 'jmeter.reportgenerator.exporter.html.filters_only_sample_series' not found, using default value 'true' instead.
2019-10-01 19:02:39,570 INFO o.a.j.r.c.ReportGeneratorConfiguration: Property 'jmeter.reportgenerator.exporter.html.series_filter' not found, using default value '' instead.
2019-10-01 19:02:39,570 INFO o.a.j.r.c.ReportGeneratorConfiguration: Property 'jmeter.reportgenerator.exporter.html.show_controllers_only' not found, using default value 'false' instead.
2019-10-01 19:02:39,574 INFO o.a.j.e.StandardJMeterEngine: Running the test!
2019-10-01 19:02:39,575 INFO o.a.j.s.SampleEvent: List of sample_variables: []
2019-10-01 19:02:39,575 INFO o.a.j.s.SampleEvent: List of sample_variables: []
2019-10-01 19:02:39,580 INFO o.a.j.e.u.CompoundVariable: Note: Function class names must contain the string: '.functions.'
2019-10-01 19:02:39,580 INFO o.a.j.e.u.CompoundVariable: Note: Function class names must not contain the string: '.gui.'
2019-10-01 19:02:40,085 INFO o.a.j.JMeter: Running test (1569970960085)
2019-10-01 19:02:40,142 INFO o.a.j.e.StandardJMeterEngine: Starting ThreadGroup: 1 : Thread Group
2019-10-01 19:02:40,142 INFO o.a.j.e.StandardJMeterEngine: Starting 1 threads for group Thread Group.
2019-10-01 19:02:40,142 INFO o.a.j.e.StandardJMeterEngine: Thread will continue on error
2019-10-01 19:02:40,142 INFO o.a.j.t.ThreadGroup: Starting thread group... number=1 threads=1 ramp-up=1 perThread=1000.0 delayedStart=false
2019-10-01 19:02:40,150 INFO o.a.j.t.ThreadGroup: Started thread group number 1
2019-10-01 19:02:40,151 INFO o.a.j.e.StandardJMeterEngine: All thread groups have been started
2019-10-01 19:02:40,152 INFO o.a.j.t.JMeterThread: Thread started: Thread Group 1-1
2019-10-01 19:02:40,183 INFO o.a.j.p.h.s.HTTPHCAbstractImpl: Local host = Mds-MacBook-Pro-2.local
2019-10-01 19:02:40,187 INFO o.a.j.p.h.s.HTTPHC4Impl: HTTP request retry count = 0
2019-10-01 19:02:40,194 INFO o.a.j.s.SampleResult: Note: Sample TimeStamps are START times
2019-10-01 19:02:40,194 INFO o.a.j.s.SampleResult: sampleresult.default.encoding is set to ISO-8859-1
2019-10-01 19:02:40,194 INFO o.a.j.s.SampleResult: sampleresult.useNanoTime=true
2019-10-01 19:02:40,194 INFO o.a.j.s.SampleResult: sampleresult.nanoThreadSleep=5000
2019-10-01 19:02:40,357 INFO o.a.j.t.JMeterThread: Thread is done: Thread Group 1-1
2019-10-01 19:02:40,358 INFO o.a.j.t.JMeterThread: Thread finished: Thread Group 1-1
2019-10-01 19:02:40,358 INFO o.a.j.e.StandardJMeterEngine: Notifying test listeners of end of test
2019-10-01 19:02:40,359 INFO o.a.j.r.Summariser: summary =      3 in 00:00:00 =   11.0/s Avg:    33 Min:     0 Max:    79 Err:     2 (66.67%)
2019-10-01 19:02:40,359 INFO o.a.j.JMeter: Generating Dashboard
2019-10-01 19:02:40,359 INFO o.a.j.r.d.ReportGenerator: Flushing result collector before report Generation
2019-10-01 19:02:40,366 INFO o.a.j.r.p.NormalizerSampleConsumer: Using format, 'ms', to parse timeStamp field
2019-10-01 19:02:40,427 INFO o.a.j.r.p.AbstractSampleConsumer: class org.apache.jmeter.report.processor.AggregateConsumer#stopProducing(): beginDate produced 0 samples
2019-10-01 19:02:40,428 INFO o.a.j.r.p.AbstractSampleConsumer: class org.apache.jmeter.report.processor.AggregateConsumer#stopProducing(): endDate produced 0 samples
2019-10-01 19:02:40,430 INFO o.a.j.r.p.AbstractSampleConsumer: class org.apache.jmeter.report.processor.ApdexSummaryConsumer#stopProducing(): apdexSummary produced 0 samples
2019-10-01 19:02:40,430 INFO o.a.j.r.p.AbstractSampleConsumer: class org.apache.jmeter.report.processor.RequestsSummaryConsumer#stopProducing(): requestsSummary produced 0 samples
2019-10-01 19:02:40,437 INFO o.a.j.r.p.AbstractSampleConsumer: class org.apache.jmeter.report.processor.StatisticsSummaryConsumer#stopProducing(): statisticsSummary produced 0 samples
2019-10-01 19:02:40,441 INFO o.a.j.r.p.AbstractSampleConsumer: class org.apache.jmeter.report.processor.Top5ErrorsBySamplerConsumer#stopProducing(): top5ErrorsBySampler produced 0 samples
2019-10-01 19:02:40,442 INFO o.a.j.r.p.AbstractSampleConsumer: class org.apache.jmeter.report.processor.ErrorsSummaryConsumer#stopProducing(): errorsSummary produced 0 samples
2019-10-01 19:02:40,442 INFO o.a.j.r.p.AbstractSampleConsumer: class org.apache.jmeter.report.processor.graph.impl.HitsPerSecondGraphConsumer#stopProducing(): hitsPerSecond produced 0 samples
2019-10-01 19:02:40,448 INFO o.a.j.r.p.AbstractSampleConsumer: class org.apache.jmeter.report.processor.graph.impl.LatencyVSRequestGraphConsumer#stopProducing(): latencyVsRequest produced 0 samples
2019-10-01 19:02:40,448 INFO o.a.j.r.p.AbstractSampleConsumer: class org.apache.jmeter.report.processor.graph.impl.SyntheticResponseTimeDistributionGraphConsumer#stopProducing(): syntheticResponseTimeDistribution produced 0 samples
2019-10-01 19:02:40,449 INFO o.a.j.r.p.AbstractSampleConsumer: class org.apache.jmeter.report.processor.graph.impl.BytesThroughputGraphConsumer#stopProducing(): bytesThroughputOverTime produced 0 samples
2019-10-01 19:02:40,449 INFO o.a.j.r.p.AbstractSampleConsumer: class org.apache.jmeter.report.processor.graph.impl.CodesPerSecondGraphConsumer#stopProducing(): codesPerSecond produced 0 samples
2019-10-01 19:02:40,450 INFO o.a.j.r.p.AbstractSampleConsumer: class org.apache.jmeter.report.processor.graph.impl.ResponseTimeVSRequestGraphConsumer#stopProducing(): responseTimeVsRequest produced 0 samples
2019-10-01 19:02:40,450 INFO o.a.j.r.p.AbstractSampleConsumer: class org.apache.jmeter.report.processor.FilterConsumer#stopProducing(): startIntervalControlerFilter produced 21 samples
2019-10-01 19:02:40,451 INFO o.a.j.r.p.AbstractSampleConsumer: class org.apache.jmeter.report.processor.graph.impl.ActiveThreadsGraphConsumer#stopProducing(): activeThreadsOverTime produced 0 samples
2019-10-01 19:02:40,451 INFO o.a.j.r.p.AbstractSampleConsumer: class org.apache.jmeter.report.processor.graph.impl.TimeVSThreadGraphConsumer#stopProducing(): timeVsThreads produced 0 samples
2019-10-01 19:02:40,451 INFO o.a.j.r.p.AbstractSampleConsumer: class org.apache.jmeter.report.processor.graph.impl.ResponseTimeDistributionGraphConsumer#stopProducing(): responseTimeDistribution produced 0 samples
2019-10-01 19:02:40,451 INFO o.a.j.r.p.AbstractSampleConsumer: class org.apache.jmeter.report.processor.graph.impl.TransactionsPerSecondGraphConsumer#stopProducing(): transactionsPerSecond produced 0 samples
2019-10-01 19:02:40,451 INFO o.a.j.r.p.AbstractSampleConsumer: class org.apache.jmeter.report.processor.graph.impl.ResponseTimePercentilesGraphConsumer#stopProducing(): responseTimePercentiles produced 0 samples
2019-10-01 19:02:40,453 INFO o.a.j.r.p.AbstractSampleConsumer: class org.apache.jmeter.report.processor.graph.impl.ResponseTimePercentilesOverTimeGraphConsumer#stopProducing(): responseTimePercentilesOverTime produced 0 samples
2019-10-01 19:02:40,453 INFO o.a.j.r.p.AbstractSampleConsumer: class org.apache.jmeter.report.processor.graph.impl.ResponseTimeOverTimeGraphConsumer#stopProducing(): responseTimesOverTime produced 0 samples
2019-10-01 19:02:40,453 INFO o.a.j.r.p.AbstractSampleConsumer: class org.apache.jmeter.report.processor.graph.impl.ConnectTimeOverTimeGraphConsumer#stopProducing(): connectTimeOverTime produced 0 samples
2019-10-01 19:02:40,453 INFO o.a.j.r.p.AbstractSampleConsumer: class org.apache.jmeter.report.processor.graph.impl.LatencyOverTimeGraphConsumer#stopProducing(): latenciesOverTime produced 0 samples
2019-10-01 19:02:40,453 INFO o.a.j.r.p.AbstractSampleConsumer: class org.apache.jmeter.report.processor.FilterConsumer#stopProducing(): nameFilter produced 42 samples
2019-10-01 19:02:40,453 INFO o.a.j.r.p.AbstractSampleConsumer: class org.apache.jmeter.report.processor.FilterConsumer#stopProducing(): dateRangeFilter produced 9 samples
2019-10-01 19:02:40,453 INFO o.a.j.r.p.AbstractSampleConsumer: class org.apache.jmeter.report.processor.NormalizerSampleConsumer#stopProducing(): normalizer produced 3 samples
2019-10-01 19:02:40,454 INFO o.a.j.r.p.CsvFileSampleSource: produce(): 3 samples produced in 64ms on channel 0
2019-10-01 19:02:40,454 INFO o.a.j.r.d.ReportGenerator: Exporting data using exporter:'html' of className:'org.apache.jmeter.report.dashboard.HtmlTemplateExporter'
2019-10-01 19:02:40,456 INFO o.a.j.r.d.HtmlTemplateExporter: Will generate dashboard in folder: /Users/jahidul/IdeaProjects/APITestingByJmeterMavenProject_B1902/target/jmeter/reports/Jira_20191001_190238
2019-10-01 19:02:40,521 INFO o.a.j.r.d.HtmlTemplateExporter: Report will be generated in: /Users/jahidul/IdeaProjects/APITestingByJmeterMavenProject_B1902/target/jmeter/reports/Jira_20191001_190238, creating folder structure
2019-10-01 19:02:40,762 INFO o.a.j.JMeter: Dashboard generated
